[2024-02-16 21:51:51] local.ERROR: require(/data/www/html/Testing_Siadi/SIADI/SIADI_16/SIADI/routes/breadcrumbs.php): Failed to open stream: No such file or directory {"exception":"[object] (ErrorException(code: 0): require(/data/www/html/Testing_Siadi/SIADI/SIADI_16/SIADI/routes/breadcrumbs.php): Failed to open stream: No such file or directory at /data/www/html/Testing_Siadi/SIADI_16/SIADI/vendor/diglactic/laravel-breadcrumbs/src/ServiceProvider.php:94)
[stacktrace]
#0 /data/www/html/Testing_Siadi/SIADI_16/SIADI/vendor/diglactic/laravel-breadcrumbs/src/ServiceProvider.php(94): Illuminate\\Foundation\\Bootstrap\\HandleExceptions->handleError(2, 'require(/data/w...', '/data/www/html/...', 94)
#1 /data/www/html/Testing_Siadi/SIADI_16/SIADI/vendor/diglactic/laravel-breadcrumbs/src/ServiceProvider.php(94): require()
#2 /data/www/html/Testing_Siadi/SIADI_16/SIADI/vendor/diglactic/laravel-breadcrumbs/src/ServiceProvider.php(62): Diglactic\\Breadcrumbs\\ServiceProvider->registerBreadcrumbs()
#3 /data/www/html/Testing_Siadi/SIADI_16/SIADI/vendor/laravel/framework/src/Illuminate/Container/BoundMethod.php(36): Diglactic\\Breadcrumbs\\ServiceProvider->boot()
#4 /data/www/html/Testing_Siadi/SIADI_16/SIADI/vendor/laravel/framework/src/Illuminate/Container/Util.php(40): Illuminate\\Container\\BoundMethod::Illuminate\\Container\\{closure}()
#5 /data/www/html/Testing_Siadi/SIADI_16/SIADI/vendor/laravel/framework/src/Illuminate/Container/BoundMethod.php(93): Illuminate\\Container\\Util::unwrapIfClosure(Object(Closure))
#6 /data/www/html/Testing_Siadi/SIADI_16/SIADI/vendor/laravel/framework/src/Illuminate/Container/BoundMethod.php(37): Illuminate\\Container\\BoundMethod::callBoundMethod(Object(Illuminate\\Foundation\\Application), Array, Object(Closure))
#7 /data/www/html/Testing_Siadi/SIADI_16/SIADI/vendor/laravel/framework/src/Illuminate/Container/Container.php(653): Illuminate\\Container\\BoundMethod::call(Object(Illuminate\\Foundation\\Application), Array, Array, NULL)
#8 /data/www/html/Testing_Siadi/SIADI_16/SIADI/vendor/laravel/framework/src/Illuminate/Foundation/Application.php(924): Illuminate\\Container\\Container->call(Array)
#9 /data/www/html/Testing_Siadi/SIADI_16/SIADI/vendor/laravel/framework/src/Illuminate/Foundation/Application.php(705): Illuminate\\Foundation\\Application->bootProvider(Object(Diglactic\\Breadcrumbs\\ServiceProvider))
#10 /data/www/html/Testing_Siadi/SIADI_16/SIADI/vendor/laravel/framework/src/Illuminate/Foundation/Application.php(816): Illuminate\\Foundation\\Application->register(Object(Diglactic\\Breadcrumbs\\ServiceProvider))
#11 /data/www/html/Testing_Siadi/SIADI_16/SIADI/vendor/laravel/framework/src/Illuminate/Foundation/Application.php(796): Illuminate\\Foundation\\Application->registerDeferredProvider('Diglactic\\\\Bread...', 'Diglactic\\\\Bread...')
#12 /data/www/html/Testing_Siadi/SIADI_16/SIADI/vendor/laravel/framework/src/Illuminate/Foundation/Application.php(772): Illuminate\\Foundation\\Application->loadDeferredProvider('Diglactic\\\\Bread...')
#13 /data/www/html/Testing_Siadi/SIADI_16/SIADI/vendor/laravel/framework/src/Illuminate/Foundation/Console/Kernel.php(313): Illuminate\\Foundation\\Application->loadDeferredProviders()
#14 /data/www/html/Testing_Siadi/SIADI_16/SIADI/vendor/laravel/framework/src/Illuminate/Foundation/Console/Kernel.php(127): Illuminate\\Foundation\\Console\\Kernel->bootstrap()
#15 /data/www/html/Testing_Siadi/SIADI_16/SIADI/artisan(37): Illuminate\\Foundation\\Console\\Kernel->handle(Object(Symfony\\Component\\Console\\Input\\ArgvInput), Object(Symfony\\Component\\Console\\Output\\ConsoleOutput))
#16 {main}
"} 
[2024-02-16 21:52:12] local.ERROR: require(/data/www/html/Testing_Siadi/SIADI/SIADI_16/SIADI/routes/breadcrumbs.php): Failed to open stream: No such file or directory {"exception":"[object] (ErrorException(code: 0): require(/data/www/html/Testing_Siadi/SIADI/SIADI_16/SIADI/routes/breadcrumbs.php): Failed to open stream: No such file or directory at /data/www/html/Testing_Siadi/SIADI_16/SIADI/vendor/diglactic/laravel-breadcrumbs/src/ServiceProvider.php:94)
[stacktrace]
#0 /data/www/html/Testing_Siadi/SIADI_16/SIADI/vendor/diglactic/laravel-breadcrumbs/src/ServiceProvider.php(94): Illuminate\\Foundation\\Bootstrap\\HandleExceptions->handleError(2, 'require(/data/w...', '/data/www/html/...', 94)
#1 /data/www/html/Testing_Siadi/SIADI_16/SIADI/vendor/diglactic/laravel-breadcrumbs/src/ServiceProvider.php(94): require()
#2 /data/www/html/Testing_Siadi/SIADI_16/SIADI/vendor/diglactic/laravel-breadcrumbs/src/ServiceProvider.php(62): Diglactic\\Breadcrumbs\\ServiceProvider->registerBreadcrumbs()
#3 /data/www/html/Testing_Siadi/SIADI_16/SIADI/vendor/laravel/framework/src/Illuminate/Container/BoundMethod.php(36): Diglactic\\Breadcrumbs\\ServiceProvider->boot()
#4 /data/www/html/Testing_Siadi/SIADI_16/SIADI/vendor/laravel/framework/src/Illuminate/Container/Util.php(40): Illuminate\\Container\\BoundMethod::Illuminate\\Container\\{closure}()
#5 /data/www/html/Testing_Siadi/SIADI_16/SIADI/vendor/laravel/framework/src/Illuminate/Container/BoundMethod.php(93): Illuminate\\Container\\Util::unwrapIfClosure(Object(Closure))
#6 /data/www/html/Testing_Siadi/SIADI_16/SIADI/vendor/laravel/framework/src/Illuminate/Container/BoundMethod.php(37): Illuminate\\Container\\BoundMethod::callBoundMethod(Object(Illuminate\\Foundation\\Application), Array, Object(Closure))
#7 /data/www/html/Testing_Siadi/SIADI_16/SIADI/vendor/laravel/framework/src/Illuminate/Container/Container.php(653): Illuminate\\Container\\BoundMethod::call(Object(Illuminate\\Foundation\\Application), Array, Array, NULL)
#8 /data/www/html/Testing_Siadi/SIADI_16/SIADI/vendor/laravel/framework/src/Illuminate/Foundation/Application.php(924): Illuminate\\Container\\Container->call(Array)
#9 /data/www/html/Testing_Siadi/SIADI_16/SIADI/vendor/laravel/framework/src/Illuminate/Foundation/Application.php(705): Illuminate\\Foundation\\Application->bootProvider(Object(Diglactic\\Breadcrumbs\\ServiceProvider))
#10 /data/www/html/Testing_Siadi/SIADI_16/SIADI/vendor/laravel/framework/src/Illuminate/Foundation/Application.php(816): Illuminate\\Foundation\\Application->register(Object(Diglactic\\Breadcrumbs\\ServiceProvider))
#11 /data/www/html/Testing_Siadi/SIADI_16/SIADI/vendor/laravel/framework/src/Illuminate/Foundation/Application.php(796): Illuminate\\Foundation\\Application->registerDeferredProvider('Diglactic\\\\Bread...', 'Diglactic\\\\Bread...')
#12 /data/www/html/Testing_Siadi/SIADI_16/SIADI/vendor/laravel/framework/src/Illuminate/Foundation/Application.php(772): Illuminate\\Foundation\\Application->loadDeferredProvider('Diglactic\\\\Bread...')
#13 /data/www/html/Testing_Siadi/SIADI_16/SIADI/vendor/laravel/framework/src/Illuminate/Foundation/Console/Kernel.php(313): Illuminate\\Foundation\\Application->loadDeferredProviders()
#14 /data/www/html/Testing_Siadi/SIADI_16/SIADI/vendor/laravel/framework/src/Illuminate/Foundation/Console/Kernel.php(127): Illuminate\\Foundation\\Console\\Kernel->bootstrap()
#15 /data/www/html/Testing_Siadi/SIADI_16/SIADI/artisan(37): Illuminate\\Foundation\\Console\\Kernel->handle(Object(Symfony\\Component\\Console\\Input\\ArgvInput), Object(Symfony\\Component\\Console\\Output\\ConsoleOutput))
#16 {main}
"} 
[2024-02-16 21:52:38] local.ERROR: require(/data/www/html/Testing_Siadi/SIADI/SIADI_16/SIADI/routes/breadcrumbs.php): Failed to open stream: No such file or directory {"exception":"[object] (ErrorException(code: 0): require(/data/www/html/Testing_Siadi/SIADI/SIADI_16/SIADI/routes/breadcrumbs.php): Failed to open stream: No such file or directory at /data/www/html/Testing_Siadi/SIADI_16/SIADI/vendor/diglactic/laravel-breadcrumbs/src/ServiceProvider.php:94)
[stacktrace]
#0 /data/www/html/Testing_Siadi/SIADI_16/SIADI/vendor/diglactic/laravel-breadcrumbs/src/ServiceProvider.php(94): Illuminate\\Foundation\\Bootstrap\\HandleExceptions->handleError(2, 'require(/data/w...', '/data/www/html/...', 94)
#1 /data/www/html/Testing_Siadi/SIADI_16/SIADI/vendor/diglactic/laravel-breadcrumbs/src/ServiceProvider.php(94): require()
#2 /data/www/html/Testing_Siadi/SIADI_16/SIADI/vendor/diglactic/laravel-breadcrumbs/src/ServiceProvider.php(62): Diglactic\\Breadcrumbs\\ServiceProvider->registerBreadcrumbs()
#3 /data/www/html/Testing_Siadi/SIADI_16/SIADI/vendor/laravel/framework/src/Illuminate/Container/BoundMethod.php(36): Diglactic\\Breadcrumbs\\ServiceProvider->boot()
#4 /data/www/html/Testing_Siadi/SIADI_16/SIADI/vendor/laravel/framework/src/Illuminate/Container/Util.php(40): Illuminate\\Container\\BoundMethod::Illuminate\\Container\\{closure}()
#5 /data/www/html/Testing_Siadi/SIADI_16/SIADI/vendor/laravel/framework/src/Illuminate/Container/BoundMethod.php(93): Illuminate\\Container\\Util::unwrapIfClosure(Object(Closure))
#6 /data/www/html/Testing_Siadi/SIADI_16/SIADI/vendor/laravel/framework/src/Illuminate/Container/BoundMethod.php(37): Illuminate\\Container\\BoundMethod::callBoundMethod(Object(Illuminate\\Foundation\\Application), Array, Object(Closure))
#7 /data/www/html/Testing_Siadi/SIADI_16/SIADI/vendor/laravel/framework/src/Illuminate/Container/Container.php(653): Illuminate\\Container\\BoundMethod::call(Object(Illuminate\\Foundation\\Application), Array, Array, NULL)
#8 /data/www/html/Testing_Siadi/SIADI_16/SIADI/vendor/laravel/framework/src/Illuminate/Foundation/Application.php(924): Illuminate\\Container\\Container->call(Array)
#9 /data/www/html/Testing_Siadi/SIADI_16/SIADI/vendor/laravel/framework/src/Illuminate/Foundation/Application.php(705): Illuminate\\Foundation\\Application->bootProvider(Object(Diglactic\\Breadcrumbs\\ServiceProvider))
#10 /data/www/html/Testing_Siadi/SIADI_16/SIADI/vendor/laravel/framework/src/Illuminate/Foundation/Application.php(816): Illuminate\\Foundation\\Application->register(Object(Diglactic\\Breadcrumbs\\ServiceProvider))
#11 /data/www/html/Testing_Siadi/SIADI_16/SIADI/vendor/laravel/framework/src/Illuminate/Foundation/Application.php(796): Illuminate\\Foundation\\Application->registerDeferredProvider('Diglactic\\\\Bread...', 'Diglactic\\\\Bread...')
#12 /data/www/html/Testing_Siadi/SIADI_16/SIADI/vendor/laravel/framework/src/Illuminate/Foundation/Application.php(772): Illuminate\\Foundation\\Application->loadDeferredProvider('Diglactic\\\\Bread...')
#13 /data/www/html/Testing_Siadi/SIADI_16/SIADI/vendor/laravel/framework/src/Illuminate/Foundation/Console/Kernel.php(313): Illuminate\\Foundation\\Application->loadDeferredProviders()
#14 /data/www/html/Testing_Siadi/SIADI_16/SIADI/vendor/laravel/framework/src/Illuminate/Foundation/Console/Kernel.php(127): Illuminate\\Foundation\\Console\\Kernel->bootstrap()
#15 /data/www/html/Testing_Siadi/SIADI_16/SIADI/artisan(37): Illuminate\\Foundation\\Console\\Kernel->handle(Object(Symfony\\Component\\Console\\Input\\ArgvInput), Object(Symfony\\Component\\Console\\Output\\ConsoleOutput))
#16 {main}
"} 
[2024-02-16 21:55:11] local.ERROR: require(/data/www/html/Testing_Siadi/SIADI/SIADI_16/SIADI/routes/breadcrumbs.php): Failed to open stream: No such file or directory {"exception":"[object] (ErrorException(code: 0): require(/data/www/html/Testing_Siadi/SIADI/SIADI_16/SIADI/routes/breadcrumbs.php): Failed to open stream: No such file or directory at /data/www/html/Testing_Siadi/SIADI_16/SIADI/vendor/diglactic/laravel-breadcrumbs/src/ServiceProvider.php:94)
[stacktrace]
#0 /data/www/html/Testing_Siadi/SIADI_16/SIADI/vendor/diglactic/laravel-breadcrumbs/src/ServiceProvider.php(94): Illuminate\\Foundation\\Bootstrap\\HandleExceptions->handleError(2, 'require(/data/w...', '/data/www/html/...', 94)
#1 /data/www/html/Testing_Siadi/SIADI_16/SIADI/vendor/diglactic/laravel-breadcrumbs/src/ServiceProvider.php(94): require()
#2 /data/www/html/Testing_Siadi/SIADI_16/SIADI/vendor/diglactic/laravel-breadcrumbs/src/ServiceProvider.php(62): Diglactic\\Breadcrumbs\\ServiceProvider->registerBreadcrumbs()
#3 /data/www/html/Testing_Siadi/SIADI_16/SIADI/vendor/laravel/framework/src/Illuminate/Container/BoundMethod.php(36): Diglactic\\Breadcrumbs\\ServiceProvider->boot()
#4 /data/www/html/Testing_Siadi/SIADI_16/SIADI/vendor/laravel/framework/src/Illuminate/Container/Util.php(40): Illuminate\\Container\\BoundMethod::Illuminate\\Container\\{closure}()
#5 /data/www/html/Testing_Siadi/SIADI_16/SIADI/vendor/laravel/framework/src/Illuminate/Container/BoundMethod.php(93): Illuminate\\Container\\Util::unwrapIfClosure(Object(Closure))
#6 /data/www/html/Testing_Siadi/SIADI_16/SIADI/vendor/laravel/framework/src/Illuminate/Container/BoundMethod.php(37): Illuminate\\Container\\BoundMethod::callBoundMethod(Object(Illuminate\\Foundation\\Application), Array, Object(Closure))
#7 /data/www/html/Testing_Siadi/SIADI_16/SIADI/vendor/laravel/framework/src/Illuminate/Container/Container.php(653): Illuminate\\Container\\BoundMethod::call(Object(Illuminate\\Foundation\\Application), Array, Array, NULL)
#8 /data/www/html/Testing_Siadi/SIADI_16/SIADI/vendor/laravel/framework/src/Illuminate/Foundation/Application.php(924): Illuminate\\Container\\Container->call(Array)
#9 /data/www/html/Testing_Siadi/SIADI_16/SIADI/vendor/laravel/framework/src/Illuminate/Foundation/Application.php(705): Illuminate\\Foundation\\Application->bootProvider(Object(Diglactic\\Breadcrumbs\\ServiceProvider))
#10 /data/www/html/Testing_Siadi/SIADI_16/SIADI/vendor/laravel/framework/src/Illuminate/Foundation/Application.php(816): Illuminate\\Foundation\\Application->register(Object(Diglactic\\Breadcrumbs\\ServiceProvider))
#11 /data/www/html/Testing_Siadi/SIADI_16/SIADI/vendor/laravel/framework/src/Illuminate/Foundation/Application.php(796): Illuminate\\Foundation\\Application->registerDeferredProvider('Diglactic\\\\Bread...', 'Diglactic\\\\Bread...')
#12 /data/www/html/Testing_Siadi/SIADI_16/SIADI/vendor/laravel/framework/src/Illuminate/Foundation/Application.php(772): Illuminate\\Foundation\\Application->loadDeferredProvider('Diglactic\\\\Bread...')
#13 /data/www/html/Testing_Siadi/SIADI_16/SIADI/vendor/laravel/framework/src/Illuminate/Foundation/Console/Kernel.php(313): Illuminate\\Foundation\\Application->loadDeferredProviders()
#14 /data/www/html/Testing_Siadi/SIADI_16/SIADI/vendor/laravel/framework/src/Illuminate/Foundation/Console/Kernel.php(127): Illuminate\\Foundation\\Console\\Kernel->bootstrap()
#15 /data/www/html/Testing_Siadi/SIADI_16/SIADI/artisan(37): Illuminate\\Foundation\\Console\\Kernel->handle(Object(Symfony\\Component\\Console\\Input\\ArgvInput), Object(Symfony\\Component\\Console\\Output\\ConsoleOutput))
#16 {main}
"} 
[2024-02-16 21:57:44] local.ERROR: require(/data/www/html/Testing_Siadi/SIADI/SIADI_16/SIADI/routes/breadcrumbs.php): Failed to open stream: No such file or directory {"exception":"[object] (ErrorException(code: 0): require(/data/www/html/Testing_Siadi/SIADI/SIADI_16/SIADI/routes/breadcrumbs.php): Failed to open stream: No such file or directory at /data/www/html/Testing_Siadi/SIADI_16/SIADI/vendor/diglactic/laravel-breadcrumbs/src/ServiceProvider.php:94)
[stacktrace]
#0 /data/www/html/Testing_Siadi/SIADI_16/SIADI/vendor/diglactic/laravel-breadcrumbs/src/ServiceProvider.php(94): Illuminate\\Foundation\\Bootstrap\\HandleExceptions->handleError(2, 'require(/data/w...', '/data/www/html/...', 94)
#1 /data/www/html/Testing_Siadi/SIADI_16/SIADI/vendor/diglactic/laravel-breadcrumbs/src/ServiceProvider.php(94): require()
#2 /data/www/html/Testing_Siadi/SIADI_16/SIADI/vendor/diglactic/laravel-breadcrumbs/src/ServiceProvider.php(62): Diglactic\\Breadcrumbs\\ServiceProvider->registerBreadcrumbs()
#3 /data/www/html/Testing_Siadi/SIADI_16/SIADI/vendor/laravel/framework/src/Illuminate/Container/BoundMethod.php(36): Diglactic\\Breadcrumbs\\ServiceProvider->boot()
#4 /data/www/html/Testing_Siadi/SIADI_16/SIADI/vendor/laravel/framework/src/Illuminate/Container/Util.php(40): Illuminate\\Container\\BoundMethod::Illuminate\\Container\\{closure}()
#5 /data/www/html/Testing_Siadi/SIADI_16/SIADI/vendor/laravel/framework/src/Illuminate/Container/BoundMethod.php(93): Illuminate\\Container\\Util::unwrapIfClosure(Object(Closure))
#6 /data/www/html/Testing_Siadi/SIADI_16/SIADI/vendor/laravel/framework/src/Illuminate/Container/BoundMethod.php(37): Illuminate\\Container\\BoundMethod::callBoundMethod(Object(Illuminate\\Foundation\\Application), Array, Object(Closure))
#7 /data/www/html/Testing_Siadi/SIADI_16/SIADI/vendor/laravel/framework/src/Illuminate/Container/Container.php(653): Illuminate\\Container\\BoundMethod::call(Object(Illuminate\\Foundation\\Application), Array, Array, NULL)
#8 /data/www/html/Testing_Siadi/SIADI_16/SIADI/vendor/laravel/framework/src/Illuminate/Foundation/Application.php(924): Illuminate\\Container\\Container->call(Array)
#9 /data/www/html/Testing_Siadi/SIADI_16/SIADI/vendor/laravel/framework/src/Illuminate/Foundation/Application.php(705): Illuminate\\Foundation\\Application->bootProvider(Object(Diglactic\\Breadcrumbs\\ServiceProvider))
#10 /data/www/html/Testing_Siadi/SIADI_16/SIADI/vendor/laravel/framework/src/Illuminate/Foundation/Application.php(816): Illuminate\\Foundation\\Application->register(Object(Diglactic\\Breadcrumbs\\ServiceProvider))
#11 /data/www/html/Testing_Siadi/SIADI_16/SIADI/vendor/laravel/framework/src/Illuminate/Foundation/Application.php(796): Illuminate\\Foundation\\Application->registerDeferredProvider('Diglactic\\\\Bread...', 'Diglactic\\\\Bread...')
#12 /data/www/html/Testing_Siadi/SIADI_16/SIADI/vendor/laravel/framework/src/Illuminate/Foundation/Application.php(772): Illuminate\\Foundation\\Application->loadDeferredProvider('Diglactic\\\\Bread...')
#13 /data/www/html/Testing_Siadi/SIADI_16/SIADI/vendor/laravel/framework/src/Illuminate/Foundation/Console/Kernel.php(313): Illuminate\\Foundation\\Application->loadDeferredProviders()
#14 /data/www/html/Testing_Siadi/SIADI_16/SIADI/vendor/laravel/framework/src/Illuminate/Foundation/Console/Kernel.php(127): Illuminate\\Foundation\\Console\\Kernel->bootstrap()
#15 /data/www/html/Testing_Siadi/SIADI_16/SIADI/artisan(37): Illuminate\\Foundation\\Console\\Kernel->handle(Object(Symfony\\Component\\Console\\Input\\ArgvInput), Object(Symfony\\Component\\Console\\Output\\ConsoleOutput))
#16 {main}
"} 
[2024-02-16 21:57:52] local.ERROR: require(/data/www/html/Testing_Siadi/SIADI/SIADI_16/SIADI/routes/breadcrumbs.php): Failed to open stream: No such file or directory {"exception":"[object] (ErrorException(code: 0): require(/data/www/html/Testing_Siadi/SIADI/SIADI_16/SIADI/routes/breadcrumbs.php): Failed to open stream: No such file or directory at /data/www/html/Testing_Siadi/SIADI_16/SIADI/vendor/diglactic/laravel-breadcrumbs/src/ServiceProvider.php:94)
[stacktrace]
#0 /data/www/html/Testing_Siadi/SIADI_16/SIADI/vendor/diglactic/laravel-breadcrumbs/src/ServiceProvider.php(94): Illuminate\\Foundation\\Bootstrap\\HandleExceptions->handleError(2, 'require(/data/w...', '/data/www/html/...', 94)
#1 /data/www/html/Testing_Siadi/SIADI_16/SIADI/vendor/diglactic/laravel-breadcrumbs/src/ServiceProvider.php(94): require()
#2 /data/www/html/Testing_Siadi/SIADI_16/SIADI/vendor/diglactic/laravel-breadcrumbs/src/ServiceProvider.php(62): Diglactic\\Breadcrumbs\\ServiceProvider->registerBreadcrumbs()
#3 /data/www/html/Testing_Siadi/SIADI_16/SIADI/vendor/laravel/framework/src/Illuminate/Container/BoundMethod.php(36): Diglactic\\Breadcrumbs\\ServiceProvider->boot()
#4 /data/www/html/Testing_Siadi/SIADI_16/SIADI/vendor/laravel/framework/src/Illuminate/Container/Util.php(40): Illuminate\\Container\\BoundMethod::Illuminate\\Container\\{closure}()
#5 /data/www/html/Testing_Siadi/SIADI_16/SIADI/vendor/laravel/framework/src/Illuminate/Container/BoundMethod.php(93): Illuminate\\Container\\Util::unwrapIfClosure(Object(Closure))
#6 /data/www/html/Testing_Siadi/SIADI_16/SIADI/vendor/laravel/framework/src/Illuminate/Container/BoundMethod.php(37): Illuminate\\Container\\BoundMethod::callBoundMethod(Object(Illuminate\\Foundation\\Application), Array, Object(Closure))
#7 /data/www/html/Testing_Siadi/SIADI_16/SIADI/vendor/laravel/framework/src/Illuminate/Container/Container.php(653): Illuminate\\Container\\BoundMethod::call(Object(Illuminate\\Foundation\\Application), Array, Array, NULL)
#8 /data/www/html/Testing_Siadi/SIADI_16/SIADI/vendor/laravel/framework/src/Illuminate/Foundation/Application.php(924): Illuminate\\Container\\Container->call(Array)
#9 /data/www/html/Testing_Siadi/SIADI_16/SIADI/vendor/laravel/framework/src/Illuminate/Foundation/Application.php(705): Illuminate\\Foundation\\Application->bootProvider(Object(Diglactic\\Breadcrumbs\\ServiceProvider))
#10 /data/www/html/Testing_Siadi/SIADI_16/SIADI/vendor/laravel/framework/src/Illuminate/Foundation/Application.php(816): Illuminate\\Foundation\\Application->register(Object(Diglactic\\Breadcrumbs\\ServiceProvider))
#11 /data/www/html/Testing_Siadi/SIADI_16/SIADI/vendor/laravel/framework/src/Illuminate/Foundation/Application.php(796): Illuminate\\Foundation\\Application->registerDeferredProvider('Diglactic\\\\Bread...', 'Diglactic\\\\Bread...')
#12 /data/www/html/Testing_Siadi/SIADI_16/SIADI/vendor/laravel/framework/src/Illuminate/Foundation/Application.php(772): Illuminate\\Foundation\\Application->loadDeferredProvider('Diglactic\\\\Bread...')
#13 /data/www/html/Testing_Siadi/SIADI_16/SIADI/vendor/laravel/framework/src/Illuminate/Foundation/Console/Kernel.php(313): Illuminate\\Foundation\\Application->loadDeferredProviders()
#14 /data/www/html/Testing_Siadi/SIADI_16/SIADI/vendor/laravel/framework/src/Illuminate/Foundation/Console/Kernel.php(127): Illuminate\\Foundation\\Console\\Kernel->bootstrap()
#15 /data/www/html/Testing_Siadi/SIADI_16/SIADI/artisan(37): Illuminate\\Foundation\\Console\\Kernel->handle(Object(Symfony\\Component\\Console\\Input\\ArgvInput), Object(Symfony\\Component\\Console\\Output\\ConsoleOutput))
#16 {main}
"} 
[2024-02-16 21:58:12] local.ERROR: require(/data/www/html/Testing_Siadi/SIADI/SIADI_16/SIADI/routes/breadcrumbs.php): Failed to open stream: No such file or directory {"exception":"[object] (ErrorException(code: 0): require(/data/www/html/Testing_Siadi/SIADI/SIADI_16/SIADI/routes/breadcrumbs.php): Failed to open stream: No such file or directory at /data/www/html/Testing_Siadi/SIADI_16/SIADI/vendor/diglactic/laravel-breadcrumbs/src/ServiceProvider.php:94)
[stacktrace]
#0 /data/www/html/Testing_Siadi/SIADI_16/SIADI/vendor/diglactic/laravel-breadcrumbs/src/ServiceProvider.php(94): Illuminate\\Foundation\\Bootstrap\\HandleExceptions->handleError(2, 'require(/data/w...', '/data/www/html/...', 94)
#1 /data/www/html/Testing_Siadi/SIADI_16/SIADI/vendor/diglactic/laravel-breadcrumbs/src/ServiceProvider.php(94): require()
#2 /data/www/html/Testing_Siadi/SIADI_16/SIADI/vendor/diglactic/laravel-breadcrumbs/src/ServiceProvider.php(62): Diglactic\\Breadcrumbs\\ServiceProvider->registerBreadcrumbs()
#3 /data/www/html/Testing_Siadi/SIADI_16/SIADI/vendor/laravel/framework/src/Illuminate/Container/BoundMethod.php(36): Diglactic\\Breadcrumbs\\ServiceProvider->boot()
#4 /data/www/html/Testing_Siadi/SIADI_16/SIADI/vendor/laravel/framework/src/Illuminate/Container/Util.php(40): Illuminate\\Container\\BoundMethod::Illuminate\\Container\\{closure}()
#5 /data/www/html/Testing_Siadi/SIADI_16/SIADI/vendor/laravel/framework/src/Illuminate/Container/BoundMethod.php(93): Illuminate\\Container\\Util::unwrapIfClosure(Object(Closure))
#6 /data/www/html/Testing_Siadi/SIADI_16/SIADI/vendor/laravel/framework/src/Illuminate/Container/BoundMethod.php(37): Illuminate\\Container\\BoundMethod::callBoundMethod(Object(Illuminate\\Foundation\\Application), Array, Object(Closure))
#7 /data/www/html/Testing_Siadi/SIADI_16/SIADI/vendor/laravel/framework/src/Illuminate/Container/Container.php(653): Illuminate\\Container\\BoundMethod::call(Object(Illuminate\\Foundation\\Application), Array, Array, NULL)
#8 /data/www/html/Testing_Siadi/SIADI_16/SIADI/vendor/laravel/framework/src/Illuminate/Foundation/Application.php(924): Illuminate\\Container\\Container->call(Array)
#9 /data/www/html/Testing_Siadi/SIADI_16/SIADI/vendor/laravel/framework/src/Illuminate/Foundation/Application.php(705): Illuminate\\Foundation\\Application->bootProvider(Object(Diglactic\\Breadcrumbs\\ServiceProvider))
#10 /data/www/html/Testing_Siadi/SIADI_16/SIADI/vendor/laravel/framework/src/Illuminate/Foundation/Application.php(816): Illuminate\\Foundation\\Application->register(Object(Diglactic\\Breadcrumbs\\ServiceProvider))
#11 /data/www/html/Testing_Siadi/SIADI_16/SIADI/vendor/laravel/framework/src/Illuminate/Foundation/Application.php(796): Illuminate\\Foundation\\Application->registerDeferredProvider('Diglactic\\\\Bread...', 'Diglactic\\\\Bread...')
#12 /data/www/html/Testing_Siadi/SIADI_16/SIADI/vendor/laravel/framework/src/Illuminate/Foundation/Application.php(772): Illuminate\\Foundation\\Application->loadDeferredProvider('Diglactic\\\\Bread...')
#13 /data/www/html/Testing_Siadi/SIADI_16/SIADI/vendor/laravel/framework/src/Illuminate/Foundation/Console/Kernel.php(313): Illuminate\\Foundation\\Application->loadDeferredProviders()
#14 /data/www/html/Testing_Siadi/SIADI_16/SIADI/vendor/laravel/framework/src/Illuminate/Foundation/Console/Kernel.php(127): Illuminate\\Foundation\\Console\\Kernel->bootstrap()
#15 /data/www/html/Testing_Siadi/SIADI_16/SIADI/artisan(37): Illuminate\\Foundation\\Console\\Kernel->handle(Object(Symfony\\Component\\Console\\Input\\ArgvInput), Object(Symfony\\Component\\Console\\Output\\ConsoleOutput))
#16 {main}
"} 
[2024-02-16 22:00:14] local.ERROR: require(/data/www/html/Testing_Siadi/SIADI/SIADI_16/SIADI/routes/breadcrumbs.php): Failed to open stream: No such file or directory {"exception":"[object] (ErrorException(code: 0): require(/data/www/html/Testing_Siadi/SIADI/SIADI_16/SIADI/routes/breadcrumbs.php): Failed to open stream: No such file or directory at /data/www/html/Siadi_test_16/SIADI/vendor/diglactic/laravel-breadcrumbs/src/ServiceProvider.php:94)
[stacktrace]
#0 /data/www/html/Siadi_test_16/SIADI/vendor/diglactic/laravel-breadcrumbs/src/ServiceProvider.php(94): Illuminate\\Foundation\\Bootstrap\\HandleExceptions->handleError(2, 'require(/data/w...', '/data/www/html/...', 94)
#1 /data/www/html/Siadi_test_16/SIADI/vendor/diglactic/laravel-breadcrumbs/src/ServiceProvider.php(94): require()
#2 /data/www/html/Siadi_test_16/SIADI/vendor/diglactic/laravel-breadcrumbs/src/ServiceProvider.php(62): Diglactic\\Breadcrumbs\\ServiceProvider->registerBreadcrumbs()
#3 /data/www/html/Siadi_test_16/SIADI/vendor/laravel/framework/src/Illuminate/Container/BoundMethod.php(36): Diglactic\\Breadcrumbs\\ServiceProvider->boot()
#4 /data/www/html/Siadi_test_16/SIADI/vendor/laravel/framework/src/Illuminate/Container/Util.php(40): Illuminate\\Container\\BoundMethod::Illuminate\\Container\\{closure}()
#5 /data/www/html/Siadi_test_16/SIADI/vendor/laravel/framework/src/Illuminate/Container/BoundMethod.php(93): Illuminate\\Container\\Util::unwrapIfClosure(Object(Closure))
#6 /data/www/html/Siadi_test_16/SIADI/vendor/laravel/framework/src/Illuminate/Container/BoundMethod.php(37): Illuminate\\Container\\BoundMethod::callBoundMethod(Object(Illuminate\\Foundation\\Application), Array, Object(Closure))
#7 /data/www/html/Siadi_test_16/SIADI/vendor/laravel/framework/src/Illuminate/Container/Container.php(653): Illuminate\\Container\\BoundMethod::call(Object(Illuminate\\Foundation\\Application), Array, Array, NULL)
#8 /data/www/html/Siadi_test_16/SIADI/vendor/laravel/framework/src/Illuminate/Foundation/Application.php(924): Illuminate\\Container\\Container->call(Array)
#9 /data/www/html/Siadi_test_16/SIADI/vendor/laravel/framework/src/Illuminate/Foundation/Application.php(705): Illuminate\\Foundation\\Application->bootProvider(Object(Diglactic\\Breadcrumbs\\ServiceProvider))
#10 /data/www/html/Siadi_test_16/SIADI/vendor/laravel/framework/src/Illuminate/Foundation/Application.php(816): Illuminate\\Foundation\\Application->register(Object(Diglactic\\Breadcrumbs\\ServiceProvider))
#11 /data/www/html/Siadi_test_16/SIADI/vendor/laravel/framework/src/Illuminate/Foundation/Application.php(796): Illuminate\\Foundation\\Application->registerDeferredProvider('Diglactic\\\\Bread...', 'Diglactic\\\\Bread...')
#12 /data/www/html/Siadi_test_16/SIADI/vendor/laravel/framework/src/Illuminate/Foundation/Application.php(772): Illuminate\\Foundation\\Application->loadDeferredProvider('Diglactic\\\\Bread...')
#13 /data/www/html/Siadi_test_16/SIADI/vendor/laravel/framework/src/Illuminate/Foundation/Console/Kernel.php(313): Illuminate\\Foundation\\Application->loadDeferredProviders()
#14 /data/www/html/Siadi_test_16/SIADI/vendor/laravel/framework/src/Illuminate/Foundation/Console/Kernel.php(127): Illuminate\\Foundation\\Console\\Kernel->bootstrap()
#15 /data/www/html/Siadi_test_16/SIADI/artisan(37): Illuminate\\Foundation\\Console\\Kernel->handle(Object(Symfony\\Component\\Console\\Input\\ArgvInput), Object(Symfony\\Component\\Console\\Output\\ConsoleOutput))
#16 {main}
"} 
